Express server listening on port 3100
Express server listening on port 3100
Express server listening on port 3100
Express server listening on port 3100
Express server listening on port 3100
Express server listening on port 3100
Express server listening on port 3100
Express server listening on port 3100
Express server listening on port 3100
Express server listening on port 3100
Express server listening on port 3100
Express server listening on port 3100
Express server listening on port 3100
Express server listening on port 3100
Express server listening on port 3100
Express server listening on port 3100
Express server listening on port 3100
Express server listening on port 3100
[90mGET / [32m200 [90m272ms - 2.67kb[0m
[90mGET /bower_components/bootstrap/docs/assets/css/bootstrap-responsive.css [32m200 [90m10ms - 21.59kb[0m
[90mGET /css/main.css [32m200 [90m10ms - 108b[0m
[90mGET /bower_components/bootstrap/docs/assets/css/bootstrap.css [32m200 [90m13ms - 124.37kb[0m
[90mGET /bower_components/requirejs/require.js [32m200 [90m9ms - 80.69kb[0m
[90mGET /bower_components/bootstrap/docs/assets/img/glyphicons-halflings.png [32m200 [90m1ms - 12.5kb[0m
[90mGET /app/boot.js [32m200 [90m1ms - 859b[0m
[90mGET /app/app.js?v=1.1 [32m200 [90m1ms - 2.47kb[0m
[90mGET /bower_components/jquery/jquery.min.js?v=1.1 [32m200 [90m4ms - 81.65kb[0m
[90mGET /bower_components/angular/angular.min.js?v=1.1 [32m200 [90m4ms - 79.54kb[0m
[90mGET /app/controllers/assets.js?v=1.1 [32m200 [90m1ms - 628b[0m
[90mGET /app/controllers/projects.js?v=1.1 [32m200 [90m6ms - 509b[0m
[90mGET /app/controllers/project.js?v=1.1 [32m200 [90m4ms - 686b[0m
[90mGET /app/controllers/asset.js?v=1.1 [32m200 [90m3ms - 1.01kb[0m
[90mGET /app/controllers/hire-me.js?v=1.1 [32m200 [90m2ms - 147b[0m
[90mGET /bower_components/bootstrap/docs/assets/js/bootstrap.js?v=1.1 [32m200 [90m1ms - 60.47kb[0m
[90mGET /bower_components/jquery/jquery.min.map [32m200 [90m3ms - 123.62kb[0m
[90mGET /bower_components/angular-ui-router/release/angular-ui-router.js?v=1.1 [32m200 [90m6ms - 37.91kb[0m
[90mGET /partials/home [32m200 [90m20ms - 542b[0m
Express server listening on port 3100
Express server listening on port 3100
Express server listening on port 3100
Express server listening on port 3100
Express server listening on port 3100
Express server listening on port 3100
Express server listening on port 3100
Express server listening on port 3100
Express server listening on port 3100
Express server listening on port 3100
Express server listening on port 3100
Express server listening on port 3100
Express server listening on port 3100
Express server listening on port 3100
Express server listening on port 3100
Express server listening on port 3100
Express server listening on port 3100
Express server listening on port 3100
Express server listening on port 3100
Express server listening on port 3100
Express server listening on port 3100
Express server listening on port 3100
Express server listening on port 3100
Express server listening on port 3100
Express server listening on port 3100
Express server listening on port 3100
Express server listening on port 3100
Express server listening on port 3100
Express server listening on port 3100
Express server listening on port 3100
Express server listening on port 3100
Express server listening on port 3100
Express server listening on port 3100
Express server listening on port 3100
Express server listening on port 3100
Express server listening on port 3100
Express server listening on port 3100
Express server listening on port 3100
Express server listening on port 3100
Express server listening on port 3100
Express server listening on port 3100
Express server listening on port 3100
Express server listening on port 3100
Express server listening on port 3100
Express server listening on port 3100
Express server listening on port 3100
Express server listening on port 3100
Express server listening on port 3100
Express server listening on port 3100
Express server listening on port 3100
Express server listening on port 3100
Express server listening on port 3100
Express server listening on port 3100
Express server listening on port 3100
Express server listening on port 3100
Express server listening on port 3100
Express server listening on port 3100
Express server listening on port 3100
Express server listening on port 3100
Express server listening on port 3100
Express server listening on port 3100
Express server listening on port 3100
Express server listening on port 3100
Express server listening on port 3100
Express server listening on port 3100
Express server listening on port 3100
Express server listening on port 3100
Express server listening on port 3100
Express server listening on port 3100
Express server listening on port 3100
Express server listening on port 3100
Express server listening on port 3100
Express server listening on port 3100
Express server listening on port 3100
Express server listening on port 3100
Express server listening on port 3100
Express server listening on port 3100
Express server listening on port 3100
Express server listening on port 3100
Express server listening on port 3100
Express server listening on port 3100
Express server listening on port 3100
Express server listening on port 3100
Express server listening on port 3100
Express server listening on port 3100
Express server listening on port 3100
Express server listening on port 3100
Express server listening on port 3100
Express server listening on port 3100
Express server listening on port 3100
Express server listening on port 3100
Express server listening on port 3100
Express server listening on port 3100
Express server listening on port 3100
Express server listening on port 3100
Express server listening on port 3100
Express server listening on port 3100
Express server listening on port 3100
Express server listening on port 3100
Express server listening on port 3100
Express server listening on port 3100
Express server listening on port 3100
Express server listening on port 3100
Express server listening on port 3100
Express server listening on port 3100
Express server listening on port 3100
Express server listening on port 3100
Express server listening on port 3100
Express server listening on port 3100
Express server listening on port 3100
Express server listening on port 3100
Express server listening on port 3100
Express server listening on port 3100
Express server listening on port 3100
Express server listening on port 3100
Express server listening on port 3100
Express server listening on port 3100
Express server listening on port 3100
Express server listening on port 3100
Express server listening on port 3100
Express server listening on port 3100
Express server listening on port 3100
Express server listening on port 3100
Express server listening on port 3100
Express server listening on port 3100
Express server listening on port 3100
Express server listening on port 3100
Express server listening on port 3100
Express server listening on port 3100
Express server listening on port 3100
Express server listening on port 3100
Express server listening on port 3100
Express server listening on port 3100
Express server listening on port 3100
Express server listening on port 3100
Express server listening on port 3100
Express server listening on port 3100
Express server listening on port 3100
Express server listening on port 3100
Express server listening on port 3100
Express server listening on port 3100
Express server listening on port 3100
Express server listening on port 3100
Express server listening on port 3100
Express server listening on port 3100
Express server listening on port 3100
Express server listening on port 3100
Express server listening on port 3100
Express server listening on port 3100
Express server listening on port 3100
Express server listening on port 3100
Express server listening on port 3100
Express server listening on port 3100
[90mGET / [32m200 [90m327ms - 2.67kb[0m
[90mGET /bower_components/bootstrap/docs/assets/css/bootstrap-responsive.css [32m200 [90m16ms - 21.59kb[0m
[90mGET /css/main.css [32m200 [90m16ms - 108b[0m
[90mGET /bower_components/bootstrap/docs/assets/css/bootstrap.css [32m200 [90m20ms - 124.37kb[0m
[90mGET /bower_components/requirejs/require.js [32m200 [90m17ms - 80.69kb[0m
[90mGET /bower_components/bootstrap/docs/assets/img/glyphicons-halflings.png [32m200 [90m1ms - 12.5kb[0m
[90mGET /app/boot.js [32m200 [90m1ms - 859b[0m
[90mGET /app/app.js?v=1.1 [32m200 [90m2ms - 2.47kb[0m
[90mGET /bower_components/jquery/jquery.min.js?v=1.1 [32m200 [90m3ms - 81.65kb[0m
[90mGET /bower_components/angular/angular.min.js?v=1.1 [32m200 [90m2ms - 79.54kb[0m
[90mGET /app/controllers/assets.js?v=1.1 [32m200 [90m6ms - 628b[0m
[90mGET /app/controllers/projects.js?v=1.1 [32m200 [90m5ms - 509b[0m
[90mGET /app/controllers/project.js?v=1.1 [32m200 [90m4ms - 686b[0m
[90mGET /app/controllers/asset.js?v=1.1 [32m200 [90m3ms - 1.01kb[0m
[90mGET /app/controllers/hire-me.js?v=1.1 [32m200 [90m3ms - 147b[0m
[90mGET /bower_components/bootstrap/docs/assets/js/bootstrap.js?v=1.1 [32m200 [90m1ms - 60.47kb[0m
[90mGET /bower_components/jquery/jquery.min.map [32m200 [90m3ms - 123.62kb[0m
[90mGET /bower_components/angular-ui-router/release/angular-ui-router.js?v=1.1 [32m200 [90m2ms - 37.91kb[0m
[90mGET /partials/home [32m200 [90m32ms - 542b[0m
Express server listening on port 3100
[90mGET / [32m200 [90m338ms - 2.67kb[0m
[90mGET /bower_components/bootstrap/docs/assets/css/bootstrap-responsive.css [32m200 [90m12ms - 21.59kb[0m
[90mGET /css/main.css [32m200 [90m11ms - 108b[0m
[90mGET /bower_components/bootstrap/docs/assets/css/bootstrap.css [32m200 [90m15ms - 124.37kb[0m
[90mGET /bower_components/requirejs/require.js [32m200 [90m7ms - 80.69kb[0m
[90mGET /bower_components/bootstrap/docs/assets/img/glyphicons-halflings.png [32m200 [90m1ms - 12.5kb[0m
[90mGET /app/boot.js [32m200 [90m1ms - 859b[0m
[90mGET /app/app.js?v=1.1 [32m200 [90m2ms - 2.47kb[0m
[90mGET /bower_components/jquery/jquery.min.js?v=1.1 [32m200 [90m3ms - 81.65kb[0m
[90mGET /bower_components/angular/angular.min.js?v=1.1 [32m200 [90m2ms - 79.54kb[0m
[90mGET /app/controllers/assets.js?v=1.1 [32m200 [90m6ms - 628b[0m
[90mGET /app/controllers/projects.js?v=1.1 [32m200 [90m6ms - 509b[0m
[90mGET /app/controllers/project.js?v=1.1 [32m200 [90m4ms - 686b[0m
[90mGET /app/controllers/asset.js?v=1.1 [32m200 [90m4ms - 1.01kb[0m
[90mGET /app/controllers/hire-me.js?v=1.1 [32m200 [90m2ms - 147b[0m
[90mGET /bower_components/bootstrap/docs/assets/js/bootstrap.js?v=1.1 [32m200 [90m4ms - 60.47kb[0m
[90mGET /bower_components/jquery/jquery.min.map [32m200 [90m3ms - 123.62kb[0m
[90mGET /bower_components/angular-ui-router/release/angular-ui-router.js?v=1.1 [32m200 [90m3ms - 37.91kb[0m
[90mGET /partials/home [32m200 [90m30ms - 542b[0m
Express server listening on port 3100
[90mGET / [36m304 [90m384ms[0m
[90mGET /bower_components/bootstrap/docs/assets/css/bootstrap.css [36m304 [90m8ms[0m
[90mGET /css/main.css [36m304 [90m6ms[0m
[90mGET /bower_components/requirejs/require.js [36m304 [90m6ms[0m
[90mGET /bower_components/bootstrap/docs/assets/css/bootstrap-responsive.css [36m304 [90m6ms[0m
[90mGET /app/boot.js [36m304 [90m1ms[0m
[90mGET /app/app.js?v=1.1 [36m304 [90m1ms[0m
[90mGET /bower_components/jquery/jquery.min.js?v=1.1 [36m304 [90m3ms[0m
[90mGET /bower_components/angular/angular.min.js?v=1.1 [36m304 [90m1ms[0m
[90mGET /app/controllers/assets.js?v=1.1 [36m304 [90m1ms[0m
[90mGET /app/controllers/projects.js?v=1.1 [36m304 [90m1ms[0m
[90mGET /app/controllers/project.js?v=1.1 [36m304 [90m1ms[0m
[90mGET /app/controllers/asset.js?v=1.1 [36m304 [90m2ms[0m
[90mGET /app/controllers/hire-me.js?v=1.1 [36m304 [90m1ms[0m
[90mGET /bower_components/bootstrap/docs/assets/js/bootstrap.js?v=1.1 [36m304 [90m1ms[0m
[90mGET /bower_components/angular-ui-router/release/angular-ui-router.js?v=1.1 [36m304 [90m2ms[0m
[90mGET /partials/home [32m200 [90m26ms - 542b[0m
[90mGET /bower_components/bootstrap/docs/assets/img/glyphicons-halflings.png [36m304 [90m2ms[0m
[90mGET /bower_components/jquery/jquery.min.map [32m200 [90m6ms - 123.62kb[0m
Express server listening on port 3100
development
Express server listening on port 3100
production
Express server listening on port 3100
[90mGET / [32m200 [90m313ms - 2.67kb[0m
[90mGET /css/main.css [32m200 [90m12ms - 108b[0m
[90mGET /bower_components/bootstrap/docs/assets/css/bootstrap-responsive.css [32m200 [90m14ms - 21.59kb[0m
[90mGET /bower_components/bootstrap/docs/assets/css/bootstrap.css [32m200 [90m18ms - 124.37kb[0m
[90mGET /bower_components/requirejs/require.js [32m200 [90m10ms - 80.69kb[0m
[90mGET /bower_components/bootstrap/docs/assets/img/glyphicons-halflings.png [32m200 [90m2ms - 12.5kb[0m
[90mGET /app/boot.js [32m200 [90m1ms - 859b[0m
[90mGET /app/app.js?v=1.1 [32m200 [90m1ms - 2.47kb[0m
[90mGET /bower_components/jquery/jquery.min.js?v=1.1 [32m200 [90m4ms - 81.65kb[0m
[90mGET /bower_components/angular/angular.min.js?v=1.1 [32m200 [90m4ms - 79.54kb[0m
[90mGET /app/controllers/assets.js?v=1.1 [32m200 [90m6ms - 628b[0m
[90mGET /app/controllers/projects.js?v=1.1 [32m200 [90m10ms - 509b[0m
[90mGET /app/controllers/project.js?v=1.1 [32m200 [90m6ms - 686b[0m
[90mGET /app/controllers/asset.js?v=1.1 [32m200 [90m5ms - 1.01kb[0m
[90mGET /app/controllers/hire-me.js?v=1.1 [32m200 [90m4ms - 147b[0m
[90mGET /bower_components/bootstrap/docs/assets/js/bootstrap.js?v=1.1 [32m200 [90m3ms - 60.47kb[0m
[90mGET /bower_components/jquery/jquery.min.map [32m200 [90m3ms - 123.62kb[0m
[90mGET /bower_components/angular-ui-router/release/angular-ui-router.js?v=1.1 [32m200 [90m6ms - 37.91kb[0m
[90mGET /partials/home [32m200 [90m30ms - 542b[0m
Express server listening on port 3100
Express server listening on port 3100
Express server listening on port 3100
Express server listening on port 3100
Express server listening on port 3100
Express server listening on port 3100
Express server listening on port 3100
Express server listening on port 3100
Express server listening on port 3100
[90mGET / [32m200 [90m303ms - 2.44kb[0m
[90mGET /bower_components/requirejs/require.js [32m200 [90m11ms - 80.69kb[0m
[90mGET /app/boot.js [32m200 [90m2ms - 859b[0m
[90mGET /app/app.js?v=1.1 [32m200 [90m2ms - 2.47kb[0m
[90mGET /bower_components/jquery/jquery.min.js?v=1.1 [32m200 [90m2ms - 81.65kb[0m
[90mGET /bower_components/angular/angular.min.js?v=1.1 [32m200 [90m3ms - 79.54kb[0m
[90mGET /app/controllers/assets.js?v=1.1 [32m200 [90m1ms - 628b[0m
[90mGET /app/controllers/projects.js?v=1.1 [32m200 [90m1ms - 509b[0m
[90mGET /app/controllers/project.js?v=1.1 [32m200 [90m1ms - 686b[0m
[90mGET /app/controllers/asset.js?v=1.1 [32m200 [90m2ms - 1.01kb[0m
[90mGET /app/controllers/hire-me.js?v=1.1 [32m200 [90m2ms - 147b[0m
[90mGET /bower_components/bootstrap/docs/assets/js/bootstrap.js?v=1.1 [32m200 [90m2ms - 60.47kb[0m
[90mGET /bower_components/jquery/jquery.min.map [32m200 [90m3ms - 123.62kb[0m
[90mGET /bower_components/angular-ui-router/release/angular-ui-router.js?v=1.1 [32m200 [90m2ms - 37.91kb[0m
[90mGET /partials/home [32m200 [90m25ms - 542b[0m
[90mGET / [32m200 [90m5ms - 2.44kb[0m
[90mGET /bower_components/requirejs/require.js [32m200 [90m2ms - 80.69kb[0m
[90mGET /app/boot.js [32m200 [90m3ms - 859b[0m
[90mGET /app/app.js?v=1.1 [32m200 [90m2ms - 2.47kb[0m
[90mGET /bower_components/jquery/jquery.min.js?v=1.1 [32m200 [90m9ms - 81.65kb[0m
[90mGET /bower_components/angular/angular.min.js?v=1.1 [32m200 [90m8ms - 79.54kb[0m
[90mGET /app/controllers/assets.js?v=1.1 [32m200 [90m7ms - 628b[0m
[90mGET /app/controllers/projects.js?v=1.1 [32m200 [90m7ms - 509b[0m
[90mGET /app/controllers/project.js?v=1.1 [32m200 [90m5ms - 686b[0m
[90mGET /app/controllers/asset.js?v=1.1 [32m200 [90m4ms - 1.01kb[0m
[90mGET /app/controllers/hire-me.js?v=1.1 [32m200 [90m2ms - 147b[0m
[90mGET /bower_components/bootstrap/docs/assets/js/bootstrap.js?v=1.1 [32m200 [90m3ms - 60.47kb[0m
[90mGET /bower_components/jquery/jquery.min.map [32m200 [90m3ms - 123.62kb[0m
[90mGET /bower_components/angular-ui-router/release/angular-ui-router.js?v=1.1 [32m200 [90m1ms - 37.91kb[0m
[90mGET /partials/home [32m200 [90m1ms - 542b[0m
Express server listening on port 3100
[90mGET / [32m200 [90m323ms - 2.6kb[0m
[90mGET /css/bootstrap-responsive.min.css [33m404 [90m6ms[0m
[90mGET /css/bootstrap.min.css [32m200 [90m13ms - 103.48kb[0m
[90mGET /css/main.css [32m200 [90m5ms - 108b[0m
[90mGET /bower_components/requirejs/require.js [32m200 [90m4ms - 80.69kb[0m
[90mGET /app/boot.js [32m200 [90m1ms - 859b[0m
[90mGET /app/app.js?v=1.1 [32m200 [90m1ms - 2.47kb[0m
[90mGET /bower_components/jquery/jquery.min.js?v=1.1 [32m200 [90m2ms - 81.65kb[0m
[90mGET /bower_components/angular/angular.min.js?v=1.1 [32m200 [90m2ms - 79.54kb[0m
[90mGET /app/controllers/assets.js?v=1.1 [32m200 [90m1ms - 628b[0m
[90mGET /app/controllers/projects.js?v=1.1 [32m200 [90m6ms - 509b[0m
[90mGET /app/controllers/project.js?v=1.1 [32m200 [90m5ms - 686b[0m
[90mGET /app/controllers/asset.js?v=1.1 [32m200 [90m5ms - 1.01kb[0m
[90mGET /app/controllers/hire-me.js?v=1.1 [32m200 [90m3ms - 147b[0m
[90mGET /bower_components/bootstrap/docs/assets/js/bootstrap.js?v=1.1 [32m200 [90m2ms - 60.47kb[0m
[90mGET /bower_components/jquery/jquery.min.map [32m200 [90m3ms - 123.62kb[0m
[90mGET /bower_components/angular-ui-router/release/angular-ui-router.js?v=1.1 [32m200 [90m1ms - 37.91kb[0m
[90mGET /partials/home [32m200 [90m22ms - 542b[0m
Express server listening on port 3100
[90mGET / [32m200 [90m381ms - 2.6kb[0m
[90mGET /css/bootstrap.min.css [32m200 [90m13ms - 103.48kb[0m
[90mGET /css/bootstrap-responsive.min.css [32m200 [90m9ms - 16.44kb[0m
[90mGET /css/main.css [32m200 [90m9ms - 108b[0m
[90mGET /bower_components/requirejs/require.js [32m200 [90m9ms - 80.69kb[0m
[90mGET /img/glyphicons-halflings.png [33m404 [90m1ms[0m
[90mGET /app/boot.js [32m200 [90m1ms - 859b[0m
[90mGET /app/app.js?v=1.1 [32m200 [90m1ms - 2.47kb[0m
[90mGET /bower_components/jquery/jquery.min.js?v=1.1 [32m200 [90m3ms - 81.65kb[0m
[90mGET /bower_components/angular/angular.min.js?v=1.1 [32m200 [90m3ms - 79.54kb[0m
[90mGET /app/controllers/assets.js?v=1.1 [32m200 [90m4ms - 628b[0m
[90mGET /app/controllers/projects.js?v=1.1 [32m200 [90m3ms - 509b[0m
[90mGET /app/controllers/project.js?v=1.1 [32m200 [90m2ms - 686b[0m
[90mGET /app/controllers/asset.js?v=1.1 [32m200 [90m2ms - 1.01kb[0m
[90mGET /app/controllers/hire-me.js?v=1.1 [32m200 [90m1ms - 147b[0m
[90mGET /bower_components/bootstrap/docs/assets/js/bootstrap.js?v=1.1 [32m200 [90m5ms - 60.47kb[0m
[90mGET /bower_components/jquery/jquery.min.map [32m200 [90m5ms - 123.62kb[0m
[90mGET /bower_components/angular-ui-router/release/angular-ui-router.js?v=1.1 [32m200 [90m2ms - 37.91kb[0m
[90mGET /partials/home [32m200 [90m14ms - 542b[0m
Express server listening on port 3100
[90mGET / [32m200 [90m326ms - 2.6kb[0m
[90mGET /css/bootstrap-responsive.min.css [32m200 [90m9ms - 16.44kb[0m
[90mGET /css/main.css [32m200 [90m10ms - 108b[0m
[90mGET /css/bootstrap.min.css [32m200 [90m14ms - 103.48kb[0m
[90mGET /bower_components/requirejs/require.js [32m200 [90m10ms - 80.69kb[0m
[90mGET /img/glyphicons-halflings.png [33m404 [90m2ms[0m
[90mGET /app/boot.js [32m200 [90m1ms - 859b[0m
[90mGET /app/app.js?v=1.1 [32m200 [90m1ms - 2.47kb[0m
[90mGET /bower_components/jquery/jquery.min.js?v=1.1 [32m200 [90m1ms - 81.65kb[0m
[90mGET /bower_components/angular/angular.min.js?v=1.1 [32m200 [90m1ms - 79.54kb[0m
[90mGET /app/controllers/assets.js?v=1.1 [32m200 [90m2ms - 628b[0m
[90mGET /app/controllers/projects.js?v=1.1 [32m200 [90m2ms - 509b[0m
[90mGET /app/controllers/project.js?v=1.1 [32m200 [90m2ms - 686b[0m
[90mGET /app/controllers/asset.js?v=1.1 [32m200 [90m1ms - 1.01kb[0m
[90mGET /app/controllers/hire-me.js?v=1.1 [32m200 [90m1ms - 147b[0m
[90mGET /bower_components/bootstrap/docs/assets/js/bootstrap.js?v=1.1 [32m200 [90m4ms - 60.47kb[0m
[90mGET /bower_components/jquery/jquery.min.map [32m200 [90m2ms - 123.62kb[0m
[90mGET /bower_components/angular-ui-router/release/angular-ui-router.js?v=1.1 [32m200 [90m2ms - 37.91kb[0m
[90mGET /partials/home [32m200 [90m18ms - 542b[0m
[90mGET / [32m200 [90m5ms - 2.6kb[0m
[90mGET /css/bootstrap-responsive.min.css [32m200 [90m5ms - 16.44kb[0m
[90mGET /css/bootstrap.min.css [32m200 [90m6ms - 103.48kb[0m
[90mGET /css/main.css [32m200 [90m5ms - 108b[0m
[90mGET /bower_components/requirejs/require.js [32m200 [90m5ms - 80.69kb[0m
[90mGET /img/glyphicons-halflings.png [33m404 [90m1ms[0m
[90mGET /app/boot.js [32m200 [90m0ms - 859b[0m
[90mGET /app/app.js?v=1.1 [32m200 [90m2ms - 2.47kb[0m
[90mGET /bower_components/jquery/jquery.min.js?v=1.1 [32m200 [90m4ms - 81.65kb[0m
[90mGET /bower_components/angular/angular.min.js?v=1.1 [32m200 [90m3ms - 79.54kb[0m
[90mGET /app/controllers/assets.js?v=1.1 [32m200 [90m2ms - 628b[0m
[90mGET /app/controllers/projects.js?v=1.1 [32m200 [90m2ms - 509b[0m
[90mGET /app/controllers/project.js?v=1.1 [32m200 [90m1ms - 686b[0m
[90mGET /app/controllers/asset.js?v=1.1 [32m200 [90m1ms - 1.01kb[0m
[90mGET /app/controllers/hire-me.js?v=1.1 [32m200 [90m2ms - 147b[0m
[90mGET /bower_components/bootstrap/docs/assets/js/bootstrap.js?v=1.1 [32m200 [90m2ms - 60.47kb[0m
[90mGET /bower_components/jquery/jquery.min.map [32m200 [90m2ms - 123.62kb[0m
[90mGET /bower_components/angular-ui-router/release/angular-ui-router.js?v=1.1 [32m200 [90m3ms - 37.91kb[0m
[90mGET /partials/home [32m200 [90m1ms - 542b[0m
[90mGET / [32m200 [90m0ms - 2.6kb[0m
[90mGET /css/bootstrap-responsive.min.css [32m200 [90m3ms - 16.44kb[0m
[90mGET /css/bootstrap.min.css [32m200 [90m4ms - 103.48kb[0m
[90mGET /css/main.css [32m200 [90m3ms - 108b[0m
[90mGET /bower_components/requirejs/require.js [32m200 [90m3ms - 80.69kb[0m
[90mGET /img/glyphicons-halflings.png [33m404 [90m1ms[0m
[90mGET /app/boot.js [32m200 [90m1ms - 859b[0m
[90mGET /app/app.js?v=1.1 [32m200 [90m0ms - 2.47kb[0m
[90mGET /bower_components/jquery/jquery.min.js?v=1.1 [32m200 [90m2ms - 81.65kb[0m
[90mGET /bower_components/angular/angular.min.js?v=1.1 [32m200 [90m2ms - 79.54kb[0m
[90mGET /app/controllers/assets.js?v=1.1 [32m200 [90m3ms - 628b[0m
[90mGET /app/controllers/projects.js?v=1.1 [32m200 [90m1ms - 509b[0m
[90mGET /app/controllers/project.js?v=1.1 [32m200 [90m3ms - 686b[0m
[90mGET /app/controllers/asset.js?v=1.1 [32m200 [90m3ms - 1.01kb[0m
[90mGET /app/controllers/hire-me.js?v=1.1 [32m200 [90m2ms - 147b[0m
[90mGET /bower_components/bootstrap/docs/assets/js/bootstrap.js?v=1.1 [32m200 [90m2ms - 60.47kb[0m
[90mGET /bower_components/jquery/jquery.min.map [32m200 [90m3ms - 123.62kb[0m
[90mGET /bower_components/angular-ui-router/release/angular-ui-router.js?v=1.1 [32m200 [90m6ms - 37.91kb[0m
[90mGET /partials/home [32m200 [90m0ms - 542b[0m
[90mGET /css/bootstrap.min.css [36m304 [90m4ms[0m
[90mGET /css/bootstrap-responsive.min.css [36m304 [90m1ms[0m
[90mGET / [32m200 [90m1ms - 2.6kb[0m
[90mGET /css/bootstrap-responsive.min.css [32m200 [90m4ms - 16.44kb[0m
[90mGET /css/main.css [32m200 [90m4ms - 108b[0m
[90mGET /css/bootstrap.min.css [32m200 [90m5ms - 103.48kb[0m
[90mGET /bower_components/requirejs/require.js [32m200 [90m4ms - 80.69kb[0m
[90mGET /img/glyphicons-halflings.png [33m404 [90m1ms[0m
[90mGET /app/boot.js [32m200 [90m2ms - 859b[0m
[90mGET /app/app.js?v=1.1 [32m200 [90m1ms - 2.47kb[0m
[90mGET /bower_components/jquery/jquery.min.js?v=1.1 [32m200 [90m5ms - 81.65kb[0m
[90mGET /app/controllers/assets.js?v=1.1 [32m200 [90m6ms - 628b[0m
[90mGET /app/controllers/projects.js?v=1.1 [32m200 [90m6ms - 509b[0m
[90mGET /app/controllers/project.js?v=1.1 [32m200 [90m5ms - 686b[0m
[90mGET /app/controllers/asset.js?v=1.1 [32m200 [90m5ms - 1.01kb[0m
[90mGET /bower_components/angular/angular.min.js?v=1.1 [32m200 [90m7ms - 79.54kb[0m
[90mGET /app/controllers/hire-me.js?v=1.1 [32m200 [90m3ms - 147b[0m
[90mGET /bower_components/bootstrap/docs/assets/js/bootstrap.js?v=1.1 [32m200 [90m2ms - 60.47kb[0m
[90mGET /bower_components/jquery/jquery.min.map [32m200 [90m3ms - 123.62kb[0m
[90mGET /bower_components/angular-ui-router/release/angular-ui-router.js?v=1.1 [32m200 [90m1ms - 37.91kb[0m
[90mGET /partials/home [32m200 [90m1ms - 542b[0m
Express server listening on port 3100
[90mGET / [32m200 [90m315ms - 2.6kb[0m
[90mGET /css/bootstrap.min.css [32m200 [90m11ms - 103.48kb[0m
[90mGET /css/bootstrap-responsive.min.css [32m200 [90m9ms - 16.44kb[0m
[90mGET /css/main.css [32m200 [90m8ms - 108b[0m
[90mGET /bower_components/requirejs/require.js [32m200 [90m9ms - 80.69kb[0m
[90mGET /img/glyphicons-halflings.png [32m200 [90m1ms - 12.5kb[0m
[90mGET /app/boot.js [32m200 [90m1ms - 859b[0m
[90mGET /app/app.js?v=1.1 [32m200 [90m1ms - 2.47kb[0m
[90mGET /bower_components/jquery/jquery.min.js?v=1.1 [32m200 [90m4ms - 81.65kb[0m
[90mGET /bower_components/angular/angular.min.js?v=1.1 [32m200 [90m3ms - 79.54kb[0m
[90mGET /app/controllers/assets.js?v=1.1 [32m200 [90m9ms - 628b[0m
[90mGET /app/controllers/projects.js?v=1.1 [32m200 [90m9ms - 509b[0m
[90mGET /app/controllers/project.js?v=1.1 [32m200 [90m8ms - 686b[0m
[90mGET /app/controllers/asset.js?v=1.1 [32m200 [90m4ms - 1.01kb[0m
[90mGET /app/controllers/hire-me.js?v=1.1 [32m200 [90m3ms - 147b[0m
[90mGET /bower_components/bootstrap/docs/assets/js/bootstrap.js?v=1.1 [32m200 [90m1ms - 60.47kb[0m
[90mGET /bower_components/jquery/jquery.min.map [32m200 [90m8ms - 123.62kb[0m
[90mGET /bower_components/angular-ui-router/release/angular-ui-router.js?v=1.1 [32m200 [90m3ms - 37.91kb[0m
[90mGET /partials/home [32m200 [90m16ms - 542b[0m
Express server listening on port 3100
[90mGET / [32m200 [90m315ms - 2.6kb[0m
[90mGET /css/bootstrap-responsive.min.css [32m200 [90m9ms - 16.44kb[0m
[90mGET /css/main.css [32m200 [90m10ms - 108b[0m
[90mGET /css/bootstrap.min.css [32m200 [90m13ms - 103.48kb[0m
[90mGET /bower_components/requirejs/require.js [32m200 [90m10ms - 80.69kb[0m
[90mGET /img/glyphicons-halflings.png [32m200 [90m1ms - 12.5kb[0m
[90mGET /app/boot.js [32m200 [90m1ms - 859b[0m
[90mGET /app/app.js?v=1.1 [32m200 [90m1ms - 2.47kb[0m
[90mGET /bower_components/jquery/jquery.min.js?v=1.1 [32m200 [90m3ms - 81.65kb[0m
[90mGET /bower_components/angular/angular.min.js?v=1.1 [32m200 [90m2ms - 79.54kb[0m
[90mGET /app/controllers/assets.js?v=1.1 [32m200 [90m1ms - 628b[0m
[90mGET /app/controllers/projects.js?v=1.1 [32m200 [90m1ms - 509b[0m
[90mGET /app/controllers/project.js?v=1.1 [32m200 [90m3ms - 686b[0m
[90mGET /app/controllers/asset.js?v=1.1 [32m200 [90m2ms - 1.01kb[0m
[90mGET /app/controllers/hire-me.js?v=1.1 [32m200 [90m1ms - 147b[0m
[90mGET /bower_components/bootstrap/docs/assets/js/bootstrap.js?v=1.1 [32m200 [90m6ms - 60.47kb[0m
[90mGET /bower_components/jquery/jquery.min.map [32m200 [90m3ms - 123.62kb[0m
[90mGET /bower_components/angular-ui-router/release/angular-ui-router.js?v=1.1 [32m200 [90m1ms - 37.91kb[0m
[90mGET /partials/home [32m200 [90m30ms - 542b[0m
Express server listening on port 3100
Express server listening on port 3100
[90mGET / [32m200 [90m313ms - 2.6kb[0m
[90mGET /css/bootstrap.min.css [32m200 [90m16ms - 103.48kb[0m
[90mGET /css/bootstrap-responsive.min.css [32m200 [90m12ms - 16.44kb[0m
[90mGET /css/main.css [32m200 [90m11ms - 108b[0m
[90mGET /bower_components/requirejs/require.js [32m200 [90m11ms - 80.69kb[0m
[90mGET /img/glyphicons-halflings.png [32m200 [90m1ms - 12.5kb[0m
[90mGET /app/boot.js [32m200 [90m1ms - 859b[0m
[90mGET /app/app.js?v=1.1 [32m200 [90m1ms - 2.47kb[0m
[90mGET /bower_components/jquery/jquery.min.js?v=1.1 [32m200 [90m4ms - 81.65kb[0m
[90mGET /bower_components/angular/angular.min.js?v=1.1 [32m200 [90m3ms - 79.54kb[0m
[90mGET /app/controllers/assets.js?v=1.1 [32m200 [90m6ms - 628b[0m
[90mGET /app/controllers/projects.js?v=1.1 [32m200 [90m5ms - 509b[0m
[90mGET /app/controllers/project.js?v=1.1 [32m200 [90m5ms - 686b[0m
[90mGET /app/controllers/asset.js?v=1.1 [32m200 [90m2ms - 1.01kb[0m
[90mGET /app/controllers/hire-me.js?v=1.1 [32m200 [90m2ms - 147b[0m
[90mGET /bower_components/bootstrap/docs/assets/js/bootstrap.js?v=1.1 [32m200 [90m4ms - 60.47kb[0m
[90mGET /bower_components/jquery/jquery.min.map [32m200 [90m6ms - 123.62kb[0m
[90mGET /bower_components/angular-ui-router/release/angular-ui-router.js?v=1.1 [32m200 [90m1ms - 37.91kb[0m
[90mGET /partials/home [32m200 [90m17ms - 542b[0m
Express server listening on port 3100
[90mGET / [32m200 [90m314ms - 2.6kb[0m
[90mGET /css/bootstrap.min.css [32m200 [90m14ms - 103.48kb[0m
[90mGET /css/bootstrap-responsive.min.css [32m200 [90m11ms - 16.44kb[0m
[90mGET /css/main.css [32m200 [90m9ms - 108b[0m
[90mGET /bower_components/requirejs/require.js [32m200 [90m8ms - 80.69kb[0m
[90mGET /img/glyphicons-halflings.png [32m200 [90m1ms - 12.5kb[0m
[90mGET /app/boot.js [32m200 [90m1ms - 859b[0m
[90mGET /app/app.js?v=1.1 [32m200 [90m2ms - 2.47kb[0m
[90mGET /bower_components/jquery/jquery.min.js?v=1.1 [32m200 [90m3ms - 81.65kb[0m
[90mGET /bower_components/angular/angular.min.js?v=1.1 [32m200 [90m3ms - 79.54kb[0m
[90mGET /app/controllers/assets.js?v=1.1 [32m200 [90m2ms - 628b[0m
[90mGET /app/controllers/projects.js?v=1.1 [32m200 [90m8ms - 509b[0m
[90mGET /app/controllers/project.js?v=1.1 [32m200 [90m8ms - 686b[0m
[90mGET /app/controllers/asset.js?v=1.1 [32m200 [90m6ms - 1.01kb[0m
[90mGET /app/controllers/hire-me.js?v=1.1 [32m200 [90m5ms - 147b[0m
[90mGET /bower_components/bootstrap/docs/assets/js/bootstrap.js?v=1.1 [32m200 [90m2ms - 60.47kb[0m
[90mGET /bower_components/jquery/jquery.min.map [32m200 [90m3ms - 123.62kb[0m
[90mGET /bower_components/angular-ui-router/release/angular-ui-router.js?v=1.1 [32m200 [90m1ms - 37.91kb[0m
[90mGET /partials/home [32m200 [90m28ms - 542b[0m
Express server listening on port 3100
Express server listening on port 3100
[90mGET / [32m200 [90m315ms - 2.6kb[0m
[90mGET /css/bootstrap-responsive.min.css [32m200 [90m10ms - 16.44kb[0m
[90mGET /css/main.css [32m200 [90m11ms - 108b[0m
[90mGET /css/bootstrap.min.css [32m200 [90m13ms - 103.48kb[0m
[90mGET /bower_components/requirejs/require.js [32m200 [90m11ms - 80.69kb[0m
[90mGET /img/glyphicons-halflings.png [32m200 [90m1ms - 12.5kb[0m
[90mGET /app/boot.js [32m200 [90m1ms - 859b[0m
[90mGET /app/app.js?v=1.1 [32m200 [90m1ms - 2.47kb[0m
[90mGET /bower_components/jquery/jquery.min.js?v=1.1 [32m200 [90m5ms - 81.65kb[0m
[90mGET /bower_components/angular/angular.min.js?v=1.1 [32m200 [90m4ms - 79.54kb[0m
[90mGET /app/controllers/assets.js?v=1.1 [32m200 [90m3ms - 628b[0m
[90mGET /app/controllers/projects.js?v=1.1 [32m200 [90m2ms - 509b[0m
[90mGET /app/controllers/project.js?v=1.1 [32m200 [90m4ms - 686b[0m
[90mGET /app/controllers/asset.js?v=1.1 [32m200 [90m2ms - 1.01kb[0m
[90mGET /app/controllers/hire-me.js?v=1.1 [32m200 [90m4ms - 147b[0m
[90mGET /bower_components/bootstrap/docs/assets/js/bootstrap.js?v=1.1 [32m200 [90m2ms - 60.47kb[0m
[90mGET /bower_components/jquery/jquery.min.map [32m200 [90m3ms - 123.62kb[0m
[90mGET /bower_components/angular-ui-router/release/angular-ui-router.js?v=1.1 [32m200 [90m1ms - 37.91kb[0m
[90mGET /partials/home [32m200 [90m16ms - 542b[0m
Express server listening on port 3100
Express server listening on port 3100
Express server listening on port 3100
Express server listening on port 3100
Express server listening on port 3100
Express server listening on port 3100
Express server listening on port 3100
Express server listening on port 3100
Express server listening on port 3100
Express server listening on port 3100
Express server listening on port 3100
Express server listening on port 3100
Express server listening on port 3100
Express server listening on port 3100
